[2023-07-07 14:21:45,525][INFO ][background-preinit] HV000001: Hibernate Validator 6.2.5.Final (Version.java:21)
[2023-07-07 14:21:45,573][INFO ][main] Starting SmartAdminApplication using Java 17.0.6 on LAPTOP-KM18GTPB with PID 2564 (D:\TecentFiles\smart-admin-api\smart-admin-api\sa-admin\target\classes started by Z in D:\TecentFiles\smart-admin-api\smart-admin-api) (StartupInfoLogger.java:55)
[2023-07-07 14:21:45,576][INFO ][main] The following 1 profile is active: "dev" (SpringApplication.java:640)
[2023-07-07 14:21:46,736][INFO ][main] Multiple Spring Data modules found, entering strict repository configuration mode (RepositoryConfigurationDelegate.java:262)
[2023-07-07 14:21:46,738][INFO ][main] Bootstrapping Spring Data Redis repositories in DEFAULT mode. (RepositoryConfigurationDelegate.java:132)
[2023-07-07 14:21:46,777][INFO ][main] Finished Spring Data repository scanning in 25 ms. Found 0 Redis repository interfaces. (RepositoryConfigurationDelegate.java:201)
[2023-07-07 14:21:46,984][INFO ][main] Cannot enhance @Configuration bean definition 'swaggerConfig' since its singleton instance has been created too early. The typical cause is a non-static @Bean method with a BeanDefinitionRegistryPostProcessor return type: Consider declaring such methods as 'static'. (ConfigurationClassPostProcessor.java:426)
[2023-07-07 14:21:47,488][INFO ][main] Bean 'mybatisPlusConfig' of type [net.lab1024.sa.common.config.MybatisPlusConfig$$EnhancerBySpringCGLIB$$a908c232] is not eligible for getting processed by all BeanPostProcessors (for example: not eligible for auto-proxying) (PostProcessorRegistrationDelegate.java:376)
[2023-07-07 14:21:47,500][INFO ][main] Bean 'paginationInterceptor' of type [com.baomidou.mybatisplus.extension.plugins.MybatisPlusInterceptor] is not eligible for getting processed by all BeanPostProcessors (for example: not eligible for auto-proxying) (PostProcessorRegistrationDelegate.java:376)
[2023-07-07 14:21:47,507][INFO ][main] Bean 'myBatisPlugin' of type [net.lab1024.sa.admin.module.system.datascope.MyBatisPlugin] is not eligible for getting processed by all BeanPostProcessors (for example: not eligible for auto-proxying) (PostProcessorRegistrationDelegate.java:376)
[2023-07-07 14:21:47,509][INFO ][main] Bean 'dataSourceConfig' of type [net.lab1024.sa.common.config.DataSourceConfig$$EnhancerBySpringCGLIB$$ec66fdba] is not eligible for getting processed by all BeanPostProcessors (for example: not eligible for auto-proxying) (PostProcessorRegistrationDelegate.java:376)
[2023-07-07 14:21:47,514][INFO ][main] Bean 'jdkRegexpMethodPointcut' of type [org.springframework.aop.support.JdkRegexpMethodPointcut] is not eligible for getting processed by all BeanPostProcessors (for example: not eligible for auto-proxying) (PostProcessorRegistrationDelegate.java:376)
[2023-07-07 14:21:47,517][INFO ][main] Bean 'defaultPointcutAdvisor' of type [org.springframework.aop.support.DefaultPointcutAdvisor] is not eligible for getting processed by all BeanPostProcessors (for example: not eligible for auto-proxying) (PostProcessorRegistrationDelegate.java:376)
[2023-07-07 14:21:47,533][INFO ][main] Bean 'securityMethodConfig' of type [net.lab1024.sa.admin.config.SecurityMethodConfig$$EnhancerBySpringCGLIB$$79492bc] is not eligible for getting processed by all BeanPostProcessors (for example: not eligible for auto-proxying) (PostProcessorRegistrationDelegate.java:376)
[2023-07-07 14:21:47,540][INFO ][main] Unable to proxy interface-implementing method [public final void org.springframework.security.config.annotation.method.configuration.GlobalMethodSecurityConfiguration.setImportMetadata(org.springframework.core.type.AnnotationMetadata)] because it is marked as final: Consider using interface-based JDK proxies instead! (CglibAopProxy.java:263)
[2023-07-07 14:21:47,782][INFO ][main] {dataSource-1} inited (DruidDataSource.java:975)
[2023-07-07 14:21:47,789][INFO ][main] Bean 'druidDataSource' of type [com.alibaba.druid.pool.DruidDataSource] is not eligible for getting processed by all BeanPostProcessors (for example: not eligible for auto-proxying) (PostProcessorRegistrationDelegate.java:376)
[2023-07-07 14:21:48,688][INFO ][main] Bean 'sqlSessionFactory' of type [org.apache.ibatis.session.defaults.DefaultSqlSessionFactory] is not eligible for getting processed by all BeanPostProcessors (for example: not eligible for auto-proxying) (PostProcessorRegistrationDelegate.java:376)
[2023-07-07 14:21:48,730][INFO ][main] Bean 'mybatis-plus-com.baomidou.mybatisplus.autoconfigure.MybatisPlusProperties' of type [com.baomidou.mybatisplus.autoconfigure.MybatisPlusProperties] is not eligible for getting processed by all BeanPostProcessors (for example: not eligible for auto-proxying) (PostProcessorRegistrationDelegate.java:376)
[2023-07-07 14:21:48,739][INFO ][main] Bean 'com.baomidou.mybatisplus.autoconfigure.MybatisPlusAutoConfiguration' of type [com.baomidou.mybatisplus.autoconfigure.MybatisPlusAutoConfiguration] is not eligible for getting processed by all BeanPostProcessors (for example: not eligible for auto-proxying) (PostProcessorRegistrationDelegate.java:376)
[2023-07-07 14:21:48,744][INFO ][main] Bean 'sqlSessionTemplate' of type [org.mybatis.spring.SqlSessionTemplate] is not eligible for getting processed by all BeanPostProcessors (for example: not eligible for auto-proxying) (PostProcessorRegistrationDelegate.java:376)
[2023-07-07 14:21:48,748][INFO ][main] Bean 'reloadItemDao' of type [org.mybatis.spring.mapper.MapperFactoryBean] is not eligible for getting processed by all BeanPostProcessors (for example: not eligible for auto-proxying) (PostProcessorRegistrationDelegate.java:376)
[2023-07-07 14:21:48,752][INFO ][main] Bean 'reloadItemDao' of type [jdk.proxy2.$Proxy112] is not eligible for getting processed by all BeanPostProcessors (for example: not eligible for auto-proxying) (PostProcessorRegistrationDelegate.java:376)
[2023-07-07 14:21:48,758][INFO ][main] Bean 'reloadResultDao' of type [org.mybatis.spring.mapper.MapperFactoryBean] is not eligible for getting processed by all BeanPostProcessors (for example: not eligible for auto-proxying) (PostProcessorRegistrationDelegate.java:376)
[2023-07-07 14:21:48,759][INFO ][main] Bean 'reloadResultDao' of type [jdk.proxy2.$Proxy113] is not eligible for getting processed by all BeanPostProcessors (for example: not eligible for auto-proxying) (PostProcessorRegistrationDelegate.java:376)
[2023-07-07 14:21:48,762][INFO ][main] Bean 'reloadCommand' of type [net.lab1024.sa.common.module.support.reload.ReloadCommand] is not eligible for getting processed by all BeanPostProcessors (for example: not eligible for auto-proxying) (PostProcessorRegistrationDelegate.java:376)
[2023-07-07 14:21:48,764][INFO ][main] Bean 'reloadConfig' of type [net.lab1024.sa.common.config.ReloadConfig$$EnhancerBySpringCGLIB$$1fdbda6e] is not eligible for getting processed by all BeanPostProcessors (for example: not eligible for auto-proxying) (PostProcessorRegistrationDelegate.java:376)
[2023-07-07 14:21:49,026][INFO ][main] Tomcat initialized with port(s): 1024 (http) (TomcatWebServer.java:108)
[2023-07-07 14:21:49,034][INFO ][main] Initializing ProtocolHandler ["http-nio-1024"] (DirectJDKLog.java:173)
[2023-07-07 14:21:49,034][INFO ][main] Starting service [Tomcat] (DirectJDKLog.java:173)
[2023-07-07 14:21:49,034][INFO ][main] Starting Servlet engine: [Apache Tomcat/9.0.68] (DirectJDKLog.java:173)
[2023-07-07 14:21:49,176][INFO ][main] Initializing Spring embedded WebApplicationContext (DirectJDKLog.java:173)
[2023-07-07 14:21:49,176][INFO ][main] Root WebApplicationContext: initialization completed in 3553 ms (ServletWebServerApplicationContext.java:292)
[2023-07-07 14:21:49,473][INFO ][main] 不需要登录的URL：[/login, /login/getCaptcha] (UrlConfig.java:130)
[2023-07-07 14:21:50,188][INFO ][main] Reflections took 159 ms to scan 2 urls, producing 34 keys and 631 values  (Reflections.java:232)
[2023-07-07 14:21:50,390][INFO ][main] ################# 系统配置缓存初始化完毕:3 ################### (ConfigService.java:61)
[2023-07-07 14:21:50,508][INFO ][main] ################# 数据字典缓存初始化完毕 ################### (DictCacheService.java:70)
[2023-07-07 14:21:50,716][INFO ][main] 需要权限校验的URL：[/oa/enterprise/page/query, /oa/enterprise/employee/add, /oa/notice/getUpdateVO/{noticeId}, /oa/enterprise/delete/{enterpriseId}, /oa/enterprise/get/{enterpriseId}, /oa/enterprise/query/list, /oa/notice/update, /oa/enterprise/employee/queryPage, /oa/notice/delete/{noticeId}, /oa/enterprise/update, /oa/notice/add, /oa/notice/query, /oa/enterprise/employee/delete, /oa/enterprise/create, /oa/enterprise/employee/list] (UrlConfig.java:82)
[2023-07-07 14:21:51,852][INFO ][main] Mapped URL path [/v2/api-docs] onto method [springfox.documentation.swagger2.web.Swagger2Controller#getDocumentation(String, HttpServletRequest)] (PropertySourcedRequestMappingHandlerMapping.java:69)
[2023-07-07 14:21:52,476][INFO ][main] Will secure any request with [org.springframework.security.web.session.DisableEncodeUrlFilter@5e5d26e4, org.springframework.security.web.context.request.async.WebAsyncManagerIntegrationFilter@77614e7c, org.springframework.security.web.context.SecurityContextPersistenceFilter@51989b17, org.springframework.security.web.header.HeaderWriterFilter@62ccbd95, org.springframework.security.web.authentication.logout.LogoutFilter@d89b0d3, org.springframework.web.filter.CorsFilter@293ecff6, net.lab1024.sa.common.common.security.SecurityTokenFilter@1344ee24, org.springframework.security.web.savedrequest.RequestCacheAwareFilter@1c94d976, org.springframework.security.web.servletapi.SecurityContextHolderAwareRequestFilter@4497fcd9, org.springframework.security.web.authentication.AnonymousAuthenticationFilter@4d3946b6, org.springframework.security.web.session.SessionManagementFilter@1ac65143, org.springframework.security.web.access.ExceptionTranslationFilter@7df5358, org.springframework.security.web.access.intercept.FilterSecurityInterceptor@525b999] (DefaultSecurityFilterChain.java:55)
[2023-07-07 14:21:52,546][INFO ][main] Starting ProtocolHandler ["http-nio-1024"] (DirectJDKLog.java:173)
[2023-07-07 14:21:52,563][INFO ][main] Tomcat started on port(s): 1024 (http) with context path '' (TomcatWebServer.java:220)
[2023-07-07 14:21:52,577][INFO ][main] 
-------------【sa-admin】 service is running！current profile is 【dev】-------------
	Local:		http://localhost:1024/
	External:	http://10.52.136.67:1024/
	Swagger:	http://localhost:1024/swagger-ui.html
-------------------------------------------------------------------------------------
 (SmartApplicationListener.java:47)
[2023-07-07 14:21:52,578][INFO ][main] Context refreshed (DocumentationPluginsBootstrapper.java:147)
[2023-07-07 14:21:52,589][INFO ][main] Found 3 custom documentation plugin(s) (DocumentationPluginsBootstrapper.java:150)
[2023-07-07 14:21:53,882][INFO ][main] Started SmartAdminApplication in 8.852 seconds (JVM running for 9.899) (StartupInfoLogger.java:61)
[2023-07-07 14:21:53,890][INFO ][main] 
 ---------------【1024创新实验室 温馨提示：】 ErrorCode 共计完成初始化： 12个！---------------
 ---------------【1024创新实验室 温馨提示：】 Spring 定时任务 @Schedule 已启动---------------
 (AdminStartupRunner.java:36)
[2023-07-07 14:23:41,628][INFO ][SpringApplicationShutdownHook] {dataSource-1} closing ... (DruidDataSource.java:2063)
[2023-07-07 14:23:41,633][INFO ][SpringApplicationShutdownHook] {dataSource-1} closed (DruidDataSource.java:2136)
